This file contains any messages produced by compilers while
running configure, to aid debugging if configure makes a mistake.

It was created by libndpi configure 2.3.0, which was
generated by GNU Autoconf 2.69.  Invocation command line was

  $ ./configure 

## --------- ##
## Platform. ##
## --------- ##

hostname = ubuntu
uname -m = x86_64
uname -r = 4.13.0-45-generic
uname -s = Linux
uname -v = #50~16.04.1-Ubuntu SMP Wed May 30 11:18:27 UTC 2018

/usr/bin/uname -p = unknown
/bin/uname -X     = unknown

/bin/arch              = unknown
/usr/bin/arch -k       = unknown
/usr/convex/getsysinfo = unknown
/usr/bin/hostinfo      = unknown
/bin/machine           = unknown
/usr/bin/oslevel       = unknown
/bin/universe          = unknown

PATH: /usr/local/sbin
PATH: /usr/local/bin
PATH: /usr/sbin
PATH: /usr/bin
PATH: /sbin
PATH: /bin
PATH: /snap/bin


## ----------- ##
## Core tests. ##
## ----------- ##

configure:2285: checking for a BSD-compatible install
configure:2353: result: /usr/bin/install -c
configure:2364: checking whether build environment is sane
configure:2419: result: yes
configure:2570: checking for a thread-safe mkdir -p
configure:2609: result: /bin/mkdir -p
configure:2616: checking for gawk
configure:2646: result: no
configure:2616: checking for mawk
configure:2632: found /usr/bin/mawk
configure:2643: result: mawk
configure:2654: checking whether make sets $(MAKE)
configure:2676: result: yes
configure:2705: checking whether make supports nested variables
configure:2722: result: yes
configure:2878: checking build system type
configure:2892: result: x86_64-pc-linux-gnu
configure:2912: checking host system type
configure:2925: result: x86_64-pc-linux-gnu
configure:2966: checking how to print strings
configure:2993: result: printf
configure:3026: checking for style of include used by make
configure:3054: result: GNU
configure:3125: checking for gcc
configure:3141: found /usr/bin/gcc
configure:3152: result: gcc
configure:3381: checking for C compiler version
configure:3390: gcc --version >&5
gcc (Ubuntu 5.4.0-6ubuntu1~16.04.10) 5.4.0 20160609
Copyright (C) 2015 Free Software Foundation, Inc.
This is free software; see the source for copying conditions.  There is NO
warranty; not even for MERCHANTABILITY or FITNESS FOR A PARTICULAR PURPOSE.

configure:3401: $? = 0
configure:3390: gcc -v >&5
Using built-in specs.
COLLECT_GCC=gcc
COLLECT_LTO_WRAPPER=/usr/lib/gcc/x86_64-linux-gnu/5/lto-wrapper
Target: x86_64-linux-gnu
Configured with: ../src/configure -v --with-pkgversion='Ubuntu 5.4.0-6ubuntu1~16.04.10' --with-bugurl=file:///usr/share/doc/gcc-5/README.Bugs --enable-languages=c,ada,c++,java,go,d,fortran,objc,obj-c++ --prefix=/usr --program-suffix=-5 --enable-shared --enable-linker-build-id --libexecdir=/usr/lib --without-included-gettext --enable-threads=posix --libdir=/usr/lib --enable-nls --with-sysroot=/ --enable-clocale=gnu --enable-libstdcxx-debug --enable-libstdcxx-time=yes --with-default-libstdcxx-abi=new --enable-gnu-unique-object --disable-vtable-verify --enable-libmpx --enable-plugin --with-system-zlib --disable-browser-plugin --enable-java-awt=gtk --enable-gtk-cairo --with-java-home=/usr/lib/jvm/java-1.5.0-gcj-5-amd64/jre --enable-java-home --with-jvm-root-dir=/usr/lib/jvm/java-1.5.0-gcj-5-amd64 --with-jvm-jar-dir=/usr/lib/jvm-exports/java-1.5.0-gcj-5-amd64 --with-arch-directory=amd64 --with-ecj-jar=/usr/share/java/eclipse-ecj.jar --enable-objc-gc --enable-multiarch --disable-werror --with-arch-32=i686 --with-abi=m64 --with-multilib-list=m32,m64,mx32 --enable-multilib --with-tune=generic --enable-checking=release --build=x86_64-linux-gnu --host=x86_64-linux-gnu --target=x86_64-linux-gnu
Thread model: posix
gcc version 5.4.0 20160609 (Ubuntu 5.4.0-6ubuntu1~16.04.10) 
configure:3401: $? = 0
configure:3390: gcc -V >&5
gcc: error: unrecognized command line option '-V'
gcc: fatal error: no input files
compilation terminated.
configure:3401: $? = 1
configure:3390: gcc -qversion >&5
gcc: error: unrecognized command line option '-qversion'
gcc: fatal error: no input files
compilation terminated.
configure:3401: $? = 1
configure:3421: checking whether the C compiler works
configure:3443: gcc    conftest.c  >&5
configure:3447: $? = 0
configure:3495: result: yes
configure:3498: checking for C compiler default output file name
configure:3500: result: a.out
configure:3506: checking for suffix of executables
configure:3513: gcc -o conftest    conftest.c  >&5
configure:3517: $? = 0
configure:3539: result: 
configure:3561: checking whether we are cross compiling
configure:3569: gcc -o conftest    conftest.c  >&5
configure:3573: $? = 0
configure:3580: ./conftest
configure:3584: $? = 0
configure:3599: result: no
configure:3604: checking for suffix of object files
configure:3626: gcc -c   conftest.c >&5
configure:3630: $? = 0
configure:3651: result: o
configure:3655: checking whether we are using the GNU C compiler
configure:3674: gcc -c   conftest.c >&5
configure:3674: $? = 0
configure:3683: result: yes
configure:3692: checking whether gcc accepts -g
configure:3712: gcc -c -g  conftest.c >&5
configure:3712: $? = 0
configure:3753: result: yes
configure:3770: checking for gcc option to accept ISO C89
configure:3833: gcc  -c -g -O2  conftest.c >&5
configure:3833: $? = 0
configure:3846: result: none needed
configure:3871: checking whether gcc understands -c and -o together
configure:3893: gcc -c conftest.c -o conftest2.o
configure:3896: $? = 0
configure:3893: gcc -c conftest.c -o conftest2.o
configure:3896: $? = 0
configure:3908: result: yes
configure:3927: checking dependency style of gcc
configure:4038: result: gcc3
configure:4053: checking for a sed that does not truncate output
configure:4117: result: /bin/sed
configure:4135: checking for grep that handles long lines and -e
configure:4193: result: /bin/grep
configure:4198: checking for egrep
configure:4260: result: /bin/grep -E
configure:4265: checking for fgrep
configure:4327: result: /bin/grep -F
configure:4362: checking for ld used by gcc
configure:4429: result: /usr/bin/ld
configure:4436: checking if the linker (/usr/bin/ld) is GNU ld
configure:4451: result: yes
configure:4463: checking for BSD- or MS-compatible name lister (nm)
configure:4517: result: /usr/bin/nm -B
configure:4647: checking the name lister (/usr/bin/nm -B) interface
configure:4654: gcc -c -g -O2  conftest.c >&5
configure:4657: /usr/bin/nm -B "conftest.o"
configure:4660: output
0000000000000000 B some_variable
configure:4667: result: BSD nm
configure:4670: checking whether ln -s works
configure:4674: result: yes
configure:4682: checking the maximum length of command line arguments
configure:4813: result: 1572864
configure:4861: checking how to convert x86_64-pc-linux-gnu file names to x86_64-pc-linux-gnu format
configure:4901: result: func_convert_file_noop
configure:4908: checking how to convert x86_64-pc-linux-gnu file names to toolchain format
configure:4928: result: func_convert_file_noop
configure:4935: checking for /usr/bin/ld option to reload object files
configure:4942: result: -r
configure:5016: checking for objdump
configure:5032: found /usr/bin/objdump
configure:5043: result: objdump
configure:5075: checking how to recognize dependent libraries
configure:5275: result: pass_all
configure:5360: checking for dlltool
configure:5390: result: no
configure:5420: checking how to associate runtime and link libraries
configure:5447: result: printf %s\n
configure:5508: checking for ar
configure:5524: found /usr/bin/ar
configure:5535: result: ar
configure:5572: checking for archiver @FILE support
configure:5589: gcc -c -g -O2  conftest.c >&5
configure:5589: $? = 0
configure:5592: ar cru libconftest.a @conftest.lst >&5
ar: `u' modifier ignored since `D' is the default (see `U')
configure:5595: $? = 0
configure:5600: ar cru libconftest.a @conftest.lst >&5
ar: `u' modifier ignored since `D' is the default (see `U')
ar: conftest.o: No such file or directory
configure:5603: $? = 1
configure:5615: result: @
configure:5673: checking for strip
configure:5689: found /usr/bin/strip
configure:5700: result: strip
configure:5772: checking for ranlib
configure:5788: found /usr/bin/ranlib
configure:5799: result: ranlib
configure:5901: checking command to parse /usr/bin/nm -B output from gcc object
configure:6054: gcc -c -g -O2  conftest.c >&5
configure:6057: $? = 0
configure:6061: /usr/bin/nm -B conftest.o \| sed -n -e 's/^.*[ ]\([ABCDGIRSTW][ABCDGIRSTW]*\)[ ][ ]*\([_A-Za-z][_A-Za-z0-9]*\)$/\1 \2 \2/p' | sed '/ __gnu_lto/d' \> conftest.nm
configure:6064: $? = 0
configure:6130: gcc -o conftest -g -O2   conftest.c conftstm.o >&5
configure:6133: $? = 0
configure:6171: result: ok
configure:6218: checking for sysroot
configure:6248: result: no
configure:6255: checking for a working dd
configure:6293: result: /bin/dd
configure:6297: checking how to truncate binary pipes
configure:6312: result: /bin/dd bs=4096 count=1
configure:6448: gcc -c -g -O2  conftest.c >&5
configure:6451: $? = 0
configure:6641: checking for mt
configure:6657: found /bin/mt
configure:6668: result: mt
configure:6691: checking if mt is a manifest tool
configure:6697: mt '-?'
configure:6705: result: no
configure:7382: checking how to run the C preprocessor
configure:7413: gcc -E  conftest.c
configure:7413: $? = 0
configure:7427: gcc -E  conftest.c
conftest.c:11:28: fatal error: ac_nonexistent.h: No such file or directory
compilation terminated.
configure:7427: $? = 1
configure: failed program was:
| /* confdefs.h */
| #define NDPI_PACKAGE_NAME "libndpi"
| #define NDPI_PACKAGE_TARNAME "libndpi"
| #define NDPI_PACKAGE_VERSION "2.3.0"
| #define NDPI_PACKAGE_STRING "libndpi 2.3.0"
| #define NDPI_PACKAGE_BUGREPORT ""
| #define NDPI_PACKAGE_URL ""
| #define NDPI_PACKAGE "libndpi"
| #define NDPI_VERSION "2.3.0"
| /* end confdefs.h.  */
| #include <ac_nonexistent.h>
configure:7452: result: gcc -E
configure:7472: gcc -E  conftest.c
configure:7472: $? = 0
configure:7486: gcc -E  conftest.c
conftest.c:11:28: fatal error: ac_nonexistent.h: No such file or directory
compilation terminated.
configure:7486: $? = 1
configure: failed program was:
| /* confdefs.h */
| #define NDPI_PACKAGE_NAME "libndpi"
| #define NDPI_PACKAGE_TARNAME "libndpi"
| #define NDPI_PACKAGE_VERSION "2.3.0"
| #define NDPI_PACKAGE_STRING "libndpi 2.3.0"
| #define NDPI_PACKAGE_BUGREPORT ""
| #define NDPI_PACKAGE_URL ""
| #define NDPI_PACKAGE "libndpi"
| #define NDPI_VERSION "2.3.0"
| /* end confdefs.h.  */
| #include <ac_nonexistent.h>
configure:7515: checking for ANSI C header files
configure:7535: gcc -c -g -O2  conftest.c >&5
configure:7535: $? = 0
configure:7608: gcc -o conftest -g -O2   conftest.c  >&5
configure:7608: $? = 0
configure:7608: ./conftest
configure:7608: $? = 0
configure:7619: result: yes
configure:7632: checking for sys/types.h
configure:7632: gcc -c -g -O2  conftest.c >&5
configure:7632: $? = 0
configure:7632: result: yes
configure:7632: checking for sys/stat.h
configure:7632: gcc -c -g -O2  conftest.c >&5
configure:7632: $? = 0
configure:7632: result: yes
configure:7632: checking for stdlib.h
configure:7632: gcc -c -g -O2  conftest.c >&5
configure:7632: $? = 0
configure:7632: result: yes
configure:7632: checking for string.h
configure:7632: gcc -c -g -O2  conftest.c >&5
configure:7632: $? = 0
configure:7632: result: yes
configure:7632: checking for memory.h
configure:7632: gcc -c -g -O2  conftest.c >&5
configure:7632: $? = 0
configure:7632: result: yes
configure:7632: checking for strings.h
configure:7632: gcc -c -g -O2  conftest.c >&5
configure:7632: $? = 0
configure:7632: result: yes
configure:7632: checking for inttypes.h
configure:7632: gcc -c -g -O2  conftest.c >&5
configure:7632: $? = 0
configure:7632: result: yes
configure:7632: checking for stdint.h
configure:7632: gcc -c -g -O2  conftest.c >&5
configure:7632: $? = 0
configure:7632: result: yes
configure:7632: checking for unistd.h
configure:7632: gcc -c -g -O2  conftest.c >&5
configure:7632: $? = 0
configure:7632: result: yes
configure:7646: checking for dlfcn.h
configure:7646: gcc -c -g -O2  conftest.c >&5
configure:7646: $? = 0
configure:7646: result: yes
configure:7902: checking for objdir
configure:7917: result: .libs
configure:8181: checking if gcc supports -fno-rtti -fno-exceptions
configure:8199: gcc -c -g -O2  -fno-rtti -fno-exceptions conftest.c >&5
cc1: warning: command line option '-fno-rtti' is valid for C++/ObjC++ but not for C
configure:8203: $? = 0
configure:8216: result: no
configure:8574: checking for gcc option to produce PIC
configure:8581: result: -fPIC -DPIC
configure:8589: checking if gcc PIC flag -fPIC -DPIC works
configure:8607: gcc -c -g -O2  -fPIC -DPIC -DPIC conftest.c >&5
configure:8611: $? = 0
configure:8624: result: yes
configure:8653: checking if gcc static flag -static works
configure:8681: result: yes
configure:8696: checking if gcc supports -c -o file.o
configure:8717: gcc -c -g -O2  -o out/conftest2.o conftest.c >&5
configure:8721: $? = 0
configure:8743: result: yes
configure:8751: checking if gcc supports -c -o file.o
configure:8798: result: yes
configure:8831: checking whether the gcc linker (/usr/bin/ld -m elf_x86_64) supports shared libraries
configure:10094: result: yes
configure:10131: checking whether -lc should be explicitly linked in
configure:10139: gcc -c -g -O2  conftest.c >&5
configure:10142: $? = 0
configure:10157: gcc -shared  -fPIC -DPIC conftest.o  -v -Wl,-soname -Wl,conftest -o conftest 2\>\&1 \| /bin/grep  -lc  \>/dev/null 2\>\&1
configure:10160: $? = 0
configure:10174: result: no
configure:10334: checking dynamic linker characteristics
configure:10915: gcc -o conftest -g -O2   -Wl,-rpath -Wl,/foo conftest.c  >&5
configure:10915: $? = 0
configure:11164: result: GNU/Linux ld.so
configure:11286: checking how to hardcode library paths into programs
configure:11311: result: immediate
configure:11859: checking whether stripping libraries is possible
configure:11864: result: yes
configure:11899: checking if libtool supports shared libraries
configure:11901: result: yes
configure:11904: checking whether to build shared libraries
configure:11929: result: yes
configure:11932: checking whether to build static libraries
configure:11936: result: yes
configure:12022: checking for gcc
configure:12049: result: gcc
configure:12278: checking for C compiler version
configure:12287: gcc --version >&5
gcc (Ubuntu 5.4.0-6ubuntu1~16.04.10) 5.4.0 20160609
Copyright (C) 2015 Free Software Foundation, Inc.
This is free software; see the source for copying conditions.  There is NO
warranty; not even for MERCHANTABILITY or FITNESS FOR A PARTICULAR PURPOSE.

configure:12298: $? = 0
configure:12287: gcc -v >&5
Using built-in specs.
COLLECT_GCC=gcc
COLLECT_LTO_WRAPPER=/usr/lib/gcc/x86_64-linux-gnu/5/lto-wrapper
Target: x86_64-linux-gnu
Configured with: ../src/configure -v --with-pkgversion='Ubuntu 5.4.0-6ubuntu1~16.04.10' --with-bugurl=file:///usr/share/doc/gcc-5/README.Bugs --enable-languages=c,ada,c++,java,go,d,fortran,objc,obj-c++ --prefix=/usr --program-suffix=-5 --enable-shared --enable-linker-build-id --libexecdir=/usr/lib --without-included-gettext --enable-threads=posix --libdir=/usr/lib --enable-nls --with-sysroot=/ --enable-clocale=gnu --enable-libstdcxx-debug --enable-libstdcxx-time=yes --with-default-libstdcxx-abi=new --enable-gnu-unique-object --disable-vtable-verify --enable-libmpx --enable-plugin --with-system-zlib --disable-browser-plugin --enable-java-awt=gtk --enable-gtk-cairo --with-java-home=/usr/lib/jvm/java-1.5.0-gcj-5-amd64/jre --enable-java-home --with-jvm-root-dir=/usr/lib/jvm/java-1.5.0-gcj-5-amd64 --with-jvm-jar-dir=/usr/lib/jvm-exports/java-1.5.0-gcj-5-amd64 --with-arch-directory=amd64 --with-ecj-jar=/usr/share/java/eclipse-ecj.jar --enable-objc-gc --enable-multiarch --disable-werror --with-arch-32=i686 --with-abi=m64 --with-multilib-list=m32,m64,mx32 --enable-multilib --with-tune=generic --enable-checking=release --build=x86_64-linux-gnu --host=x86_64-linux-gnu --target=x86_64-linux-gnu
Thread model: posix
gcc version 5.4.0 20160609 (Ubuntu 5.4.0-6ubuntu1~16.04.10) 
configure:12298: $? = 0
configure:12287: gcc -V >&5
gcc: error: unrecognized command line option '-V'
gcc: fatal error: no input files
compilation terminated.
configure:12298: $? = 1
configure:12287: gcc -qversion >&5
gcc: error: unrecognized command line option '-qversion'
gcc: fatal error: no input files
compilation terminated.
configure:12298: $? = 1
configure:12302: checking whether we are using the GNU C compiler
configure:12330: result: yes
configure:12339: checking whether gcc accepts -g
configure:12400: result: yes
configure:12417: checking for gcc option to accept ISO C89
configure:12493: result: none needed
configure:12518: checking whether gcc understands -c and -o together
configure:12555: result: yes
configure:12574: checking dependency style of gcc
configure:12685: result: gcc3
configure:12884: checking whether gcc is Clang
configure:12909: result: no
configure:13032: checking whether pthreads work with -pthread
configure:13126: gcc -o conftest -g -O2 -pthread   conftest.c   >&5
configure:13126: $? = 0
configure:13135: result: yes
configure:13154: checking for joinable pthread attribute
configure:13172: gcc -o conftest -g -O2 -pthread   conftest.c   >&5
configure:13172: $? = 0
configure:13180: result: PTHREAD_CREATE_JOINABLE
configure:13194: checking whether more special flags are required for pthreads
configure:13207: result: no
configure:13215: checking for PTHREAD_PRIO_INHERIT
configure:13231: gcc -o conftest -g -O2 -pthread   conftest.c   >&5
configure:13231: $? = 0
configure:13240: result: yes
configure:13391: checking netinet/in.h usability
configure:13391: gcc -c -g -O2  conftest.c >&5
configure:13391: $? = 0
configure:13391: result: yes
configure:13391: checking netinet/in.h presence
configure:13391: gcc -E  conftest.c
configure:13391: $? = 0
configure:13391: result: yes
configure:13391: checking for netinet/in.h
configure:13391: result: yes
configure:13391: checking for stdint.h
configure:13391: result: yes
configure:13391: checking for stdlib.h
configure:13391: result: yes
configure:13391: checking for string.h
configure:13391: result: yes
configure:13391: checking for unistd.h
configure:13391: result: yes
configure:13413: checking for numa_available in -lnuma
configure:13438: gcc -o conftest -g -O2   conftest.c -lnuma   >&5
/usr/bin/ld: cannot find -lnuma
collect2: error: ld returned 1 exit status
configure:13438: $? = 1
configure: failed program was:
| /* confdefs.h */
| #define NDPI_PACKAGE_NAME "libndpi"
| #define NDPI_PACKAGE_TARNAME "libndpi"
| #define NDPI_PACKAGE_VERSION "2.3.0"
| #define NDPI_PACKAGE_STRING "libndpi 2.3.0"
| #define NDPI_PACKAGE_BUGREPORT ""
| #define NDPI_PACKAGE_URL ""
| #define NDPI_PACKAGE "libndpi"
| #define NDPI_VERSION "2.3.0"
| #define STDC_HEADERS 1
| #define HAVE_SYS_TYPES_H 1
| #define HAVE_SYS_STAT_H 1
| #define HAVE_STDLIB_H 1
| #define HAVE_STRING_H 1
| #define HAVE_MEMORY_H 1
| #define HAVE_STRINGS_H 1
| #define HAVE_INTTYPES_H 1
| #define HAVE_STDINT_H 1
| #define HAVE_UNISTD_H 1
| #define HAVE_DLFCN_H 1
| #define LT_OBJDIR ".libs/"
| #define HAVE_PTHREAD_PRIO_INHERIT 1
| #define HAVE_PTHREAD 1
| #define NDPI_MAJOR_RELEASE "2"
| #define NDPI_MINOR_RELEASE "3"
| #define NDPI_PATCH_LEVEL "0"
| #define NDPI_GIT_RELEASE "2.3.0"
| #define NDPI_GIT_DATE "Tue Jul  3 09:07:22 PDT 2018"
| #define HAVE_NETINET_IN_H 1
| #define HAVE_STDINT_H 1
| #define HAVE_STDLIB_H 1
| #define HAVE_STRING_H 1
| #define HAVE_UNISTD_H 1
| /* end confdefs.h.  */
| 
| /* Override any GCC internal prototype to avoid an error.
|    Use char because int might match the return type of a GCC
|    builtin and then its argument prototype would still apply.  */
| #ifdef __cplusplus
| extern "C"
| #endif
| char numa_available ();
| int
| main ()
| {
| return numa_available ();
|   ;
|   return 0;
| }
configure:13447: result: no
configure:13460: checking for hs_compile_multi in -lhs
configure:13485: gcc -o conftest -g -O2   conftest.c -lhs   -lstdc++ -lm >&5
/usr/bin/ld: cannot find -lhs
collect2: error: ld returned 1 exit status
configure:13485: $? = 1
configure: failed program was:
| /* confdefs.h */
| #define NDPI_PACKAGE_NAME "libndpi"
| #define NDPI_PACKAGE_TARNAME "libndpi"
| #define NDPI_PACKAGE_VERSION "2.3.0"
| #define NDPI_PACKAGE_STRING "libndpi 2.3.0"
| #define NDPI_PACKAGE_BUGREPORT ""
| #define NDPI_PACKAGE_URL ""
| #define NDPI_PACKAGE "libndpi"
| #define NDPI_VERSION "2.3.0"
| #define STDC_HEADERS 1
| #define HAVE_SYS_TYPES_H 1
| #define HAVE_SYS_STAT_H 1
| #define HAVE_STDLIB_H 1
| #define HAVE_STRING_H 1
| #define HAVE_MEMORY_H 1
| #define HAVE_STRINGS_H 1
| #define HAVE_INTTYPES_H 1
| #define HAVE_STDINT_H 1
| #define HAVE_UNISTD_H 1
| #define HAVE_DLFCN_H 1
| #define LT_OBJDIR ".libs/"
| #define HAVE_PTHREAD_PRIO_INHERIT 1
| #define HAVE_PTHREAD 1
| #define NDPI_MAJOR_RELEASE "2"
| #define NDPI_MINOR_RELEASE "3"
| #define NDPI_PATCH_LEVEL "0"
| #define NDPI_GIT_RELEASE "2.3.0"
| #define NDPI_GIT_DATE "Tue Jul  3 09:07:22 PDT 2018"
| #define HAVE_NETINET_IN_H 1
| #define HAVE_STDINT_H 1
| #define HAVE_STDLIB_H 1
| #define HAVE_STRING_H 1
| #define HAVE_UNISTD_H 1
| /* end confdefs.h.  */
| 
| /* Override any GCC internal prototype to avoid an error.
|    Use char because int might match the return type of a GCC
|    builtin and then its argument prototype would still apply.  */
| #ifdef __cplusplus
| extern "C"
| #endif
| char hs_compile_multi ();
| int
| main ()
| {
| return hs_compile_multi ();
|   ;
|   return 0;
| }
configure:13494: result: no
configure:13766: checking for pcap_open_live in -lpcap
configure:13791: gcc -o conftest -g -O2   conftest.c -lpcap   >&5
configure:13791: $? = 0
configure:13800: result: yes
configure:13829: checking for json_object_new_object in -ljson-c
configure:13854: gcc -o conftest -g -O2 -I/usr/include/json-c   -ljson-c conftest.c -ljson-c   >&5
configure:13854: $? = 0
configure:13863: result: yes
configure:13902: checking for pthread_setaffinity_np in -lpthread
configure:13927: gcc -o conftest -g -O2 -I/usr/include/json-c   -ljson-c conftest.c -lpthread   >&5
configure:13927: $? = 0
configure:13936: result: yes
configure:14073: checking that generated files are newer than configure
configure:14079: result: done
configure:14106: creating ./config.status

## ---------------------- ##
## Running config.status. ##
## ---------------------- ##

This file was extended by libndpi config.status 2.3.0, which was
generated by GNU Autoconf 2.69.  Invocation command line was

  CONFIG_FILES    = 
  CONFIG_HEADERS  = 
  CONFIG_LINKS    = 
  CONFIG_COMMANDS = 
  $ ./config.status 

on ubuntu

config.status:1119: creating Makefile
config.status:1119: creating src/lib/Makefile
config.status:1119: creating example/Makefile
config.status:1119: creating tests/Makefile
config.status:1119: creating libndpi.pc
config.status:1119: creating src/include/ndpi_define.h
config.status:1119: creating src/include/ndpi_config.h
config.status:1348: executing depfiles commands
config.status:1348: executing libtool commands

## ---------------- ##
## Cache variables. ##
## ---------------- ##

ac_cv_build=x86_64-pc-linux-gnu
ac_cv_c_compiler_gnu=yes
ac_cv_env_CC_set=
ac_cv_env_CC_value=
ac_cv_env_CFLAGS_set=
ac_cv_env_CFLAGS_value=
ac_cv_env_CPPFLAGS_set=
ac_cv_env_CPPFLAGS_value=
ac_cv_env_CPP_set=
ac_cv_env_CPP_value=
ac_cv_env_LDFLAGS_set=
ac_cv_env_LDFLAGS_value=
ac_cv_env_LIBS_set=
ac_cv_env_LIBS_value=
ac_cv_env_LT_SYS_LIBRARY_PATH_set=
ac_cv_env_LT_SYS_LIBRARY_PATH_value=
ac_cv_env_build_alias_set=
ac_cv_env_build_alias_value=
ac_cv_env_host_alias_set=
ac_cv_env_host_alias_value=
ac_cv_env_target_alias_set=
ac_cv_env_target_alias_value=
ac_cv_header_dlfcn_h=yes
ac_cv_header_inttypes_h=yes
ac_cv_header_memory_h=yes
ac_cv_header_netinet_in_h=yes
ac_cv_header_stdc=yes
ac_cv_header_stdint_h=yes
ac_cv_header_stdlib_h=yes
ac_cv_header_string_h=yes
ac_cv_header_strings_h=yes
ac_cv_header_sys_stat_h=yes
ac_cv_header_sys_types_h=yes
ac_cv_header_unistd_h=yes
ac_cv_host=x86_64-pc-linux-gnu
ac_cv_lib_hs_hs_compile_multi=no
ac_cv_lib_json_c_json_object_new_object=yes
ac_cv_lib_numa_numa_available=no
ac_cv_lib_pcap_pcap_open_live=yes
ac_cv_lib_pthread_pthread_setaffinity_np=yes
ac_cv_objext=o
ac_cv_path_EGREP='/bin/grep -E'
ac_cv_path_FGREP='/bin/grep -F'
ac_cv_path_GREP=/bin/grep
ac_cv_path_SED=/bin/sed
ac_cv_path_install='/usr/bin/install -c'
ac_cv_path_lt_DD=/bin/dd
ac_cv_path_mkdir=/bin/mkdir
ac_cv_prog_AWK=mawk
ac_cv_prog_CPP='gcc -E'
ac_cv_prog_ac_ct_AR=ar
ac_cv_prog_ac_ct_CC=gcc
ac_cv_prog_ac_ct_MANIFEST_TOOL=mt
ac_cv_prog_ac_ct_OBJDUMP=objdump
ac_cv_prog_ac_ct_RANLIB=ranlib
ac_cv_prog_ac_ct_STRIP=strip
ac_cv_prog_cc_c89=
ac_cv_prog_cc_g=yes
ac_cv_prog_make_make_set=yes
am_cv_CC_dependencies_compiler_type=gcc3
am_cv_make_support_nested_variables=yes
am_cv_prog_cc_c_o=yes
ax_cv_PTHREAD_CLANG=no
ax_cv_PTHREAD_JOINABLE_ATTR=PTHREAD_CREATE_JOINABLE
ax_cv_PTHREAD_PRIO_INHERIT=yes
ax_cv_PTHREAD_SPECIAL_FLAGS=no
lt_cv_ar_at_file=@
lt_cv_archive_cmds_need_lc=no
lt_cv_deplibs_check_method=pass_all
lt_cv_file_magic_cmd='$MAGIC_CMD'
lt_cv_file_magic_test_file=
lt_cv_ld_reload_flag=-r
lt_cv_nm_interface='BSD nm'
lt_cv_objdir=.libs
lt_cv_path_LD=/usr/bin/ld
lt_cv_path_NM='/usr/bin/nm -B'
lt_cv_path_mainfest_tool=no
lt_cv_prog_compiler_c_o=yes
lt_cv_prog_compiler_pic='-fPIC -DPIC'
lt_cv_prog_compiler_pic_works=yes
lt_cv_prog_compiler_rtti_exceptions=no
lt_cv_prog_compiler_static_works=yes
lt_cv_prog_gnu_ld=yes
lt_cv_sharedlib_from_linklib_cmd='printf %s\n'
lt_cv_shlibpath_overrides_runpath=no
lt_cv_sys_global_symbol_pipe='sed -n -e '\''s/^.*[	 ]\([ABCDGIRSTW][ABCDGIRSTW]*\)[	 ][	 ]*\([_A-Za-z][_A-Za-z0-9]*\)$/\1 \2 \2/p'\'' | sed '\''/ __gnu_lto/d'\'''
lt_cv_sys_global_symbol_to_c_name_address='sed -n -e '\''s/^: \(.*\) .*$/  {"\1", (void *) 0},/p'\'' -e '\''s/^[ABCDGIRSTW][ABCDGIRSTW]* .* \(.*\)$/  {"\1", (void *) \&\1},/p'\'''
lt_cv_sys_global_symbol_to_c_name_address_lib_prefix='sed -n -e '\''s/^: \(.*\) .*$/  {"\1", (void *) 0},/p'\'' -e '\''s/^[ABCDGIRSTW][ABCDGIRSTW]* .* \(lib.*\)$/  {"\1", (void *) \&\1},/p'\'' -e '\''s/^[ABCDGIRSTW][ABCDGIRSTW]* .* \(.*\)$/  {"lib\1", (void *) \&\1},/p'\'''
lt_cv_sys_global_symbol_to_cdecl='sed -n -e '\''s/^T .* \(.*\)$/extern int \1();/p'\'' -e '\''s/^[ABCDGIRSTW][ABCDGIRSTW]* .* \(.*\)$/extern char \1;/p'\'''
lt_cv_sys_global_symbol_to_import=
lt_cv_sys_max_cmd_len=1572864
lt_cv_to_host_file_cmd=func_convert_file_noop
lt_cv_to_tool_file_cmd=func_convert_file_noop
lt_cv_truncate_bin='/bin/dd bs=4096 count=1'

## ----------------- ##
## Output variables. ##
## ----------------- ##

ACLOCAL='${SHELL} /home/mohsen/Desktop/gp/nDPI-dev/missing aclocal-1.15'
AMDEPBACKSLASH='\'
AMDEP_FALSE='#'
AMDEP_TRUE=''
AMTAR='$${TAR-tar}'
AM_BACKSLASH='\'
AM_DEFAULT_V='$(AM_DEFAULT_VERBOSITY)'
AM_DEFAULT_VERBOSITY='1'
AM_V='$(V)'
AR='ar'
AUTOCONF='${SHELL} /home/mohsen/Desktop/gp/nDPI-dev/missing autoconf'
AUTOHEADER='${SHELL} /home/mohsen/Desktop/gp/nDPI-dev/missing autoheader'
AUTOMAKE='${SHELL} /home/mohsen/Desktop/gp/nDPI-dev/missing automake-1.15'
AWK='mawk'
CC='gcc'
CCDEPMODE='depmode=gcc3'
CFLAGS='-g -O2 -I/usr/include/json-c'
CPP='gcc -E'
CPPFLAGS=''
CYGPATH_W='echo'
DEFS='-DHAVE_CONFIG_H'
DEPDIR='.deps'
DLLTOOL='false'
DL_LIB=''
DSYMUTIL=''
DUMPBIN=''
ECHO_C=''
ECHO_N='-n'
ECHO_T=''
EGREP='/bin/grep -E'
EXEEXT=''
FGREP='/bin/grep -F'
GIT_RELEASE='2.3.0'
GREP='/bin/grep'
HAVE_PTHREAD_SETAFFINITY_NP=''
HS_INC=''
HS_LIB=''
INSTALL_DATA='${INSTALL} -m 644'
INSTALL_PROGRAM='${INSTALL}'
INSTALL_SCRIPT='${INSTALL}'
INSTALL_STRIP_PROGRAM='$(install_sh) -c -s'
JSON_C_LIB=''
LD='/usr/bin/ld -m elf_x86_64'
LDFLAGS=' -ljson-c'
LIBOBJS=''
LIBS=''
LIBTOOL='$(SHELL) $(top_builddir)/libtool'
LIPO=''
LN_S='ln -s'
LTLIBOBJS=''
LT_SYS_LIBRARY_PATH=''
MAKEINFO='${SHELL} /home/mohsen/Desktop/gp/nDPI-dev/missing makeinfo'
MANIFEST_TOOL=':'
MKDIR_P='/bin/mkdir -p'
NDPI_MAJOR='2'
NDPI_MINOR='3'
NDPI_PATCH='0'
NM='/usr/bin/nm -B'
NMEDIT=''
OBJDUMP='objdump'
OBJEXT='o'
OTOOL64=''
OTOOL=''
PACKAGE='libndpi'
PACKAGE_BUGREPORT=''
PACKAGE_NAME='libndpi'
PACKAGE_STRING='libndpi 2.3.0'
PACKAGE_TARNAME='libndpi'
PACKAGE_URL=''
PACKAGE_VERSION='2.3.0'
PATH_SEPARATOR=':'
PCAP_INC=''
PCAP_LIB='-lpcap'
PTHREAD_CC='gcc'
PTHREAD_CFLAGS='-pthread'
PTHREAD_LIBS=''
RANLIB='ranlib'
SED='/bin/sed'
SET_MAKE=''
SHELL='/bin/bash'
STRIP='strip'
SVN_DATE=''
VERSION='2.3.0'
ac_ct_AR='ar'
ac_ct_CC='gcc'
ac_ct_DUMPBIN=''
am__EXEEXT_FALSE=''
am__EXEEXT_TRUE='#'
am__fastdepCC_FALSE='#'
am__fastdepCC_TRUE=''
am__include='include'
am__isrc=''
am__leading_dot='.'
am__nodep='_no'
am__quote=''
am__tar='$${TAR-tar} chof - "$$tardir"'
am__untar='$${TAR-tar} xf -'
ax_pthread_config=''
bindir='${exec_prefix}/bin'
build='x86_64-pc-linux-gnu'
build_alias=''
build_cpu='x86_64'
build_os='linux-gnu'
build_vendor='pc'
datadir='${datarootdir}'
datarootdir='${prefix}/share'
docdir='${datarootdir}/doc/${PACKAGE_TARNAME}'
dvidir='${docdir}'
exec_prefix='${prefix}'
host='x86_64-pc-linux-gnu'
host_alias=''
host_cpu='x86_64'
host_os='linux-gnu'
host_vendor='pc'
htmldir='${docdir}'
includedir='${prefix}/include'
infodir='${datarootdir}/info'
install_sh='${SHELL} /home/mohsen/Desktop/gp/nDPI-dev/install-sh'
libdir='${exec_prefix}/lib'
libexecdir='${exec_prefix}/libexec'
localedir='${datarootdir}/locale'
localstatedir='${prefix}/var'
mandir='${datarootdir}/man'
mkdir_p='$(MKDIR_P)'
oldincludedir='/usr/include'
pdfdir='${docdir}'
prefix='/usr/local'
program_transform_name='s,x,x,'
psdir='${docdir}'
runstatedir='${localstatedir}/run'
sbindir='${exec_prefix}/sbin'
sharedstatedir='${prefix}/com'
sysconfdir='${prefix}/etc'
target_alias=''

## ----------- ##
## confdefs.h. ##
## ----------- ##

/* confdefs.h */
#define NDPI_PACKAGE_NAME "libndpi"
#define NDPI_PACKAGE_TARNAME "libndpi"
#define NDPI_PACKAGE_VERSION "2.3.0"
#define NDPI_PACKAGE_STRING "libndpi 2.3.0"
#define NDPI_PACKAGE_BUGREPORT ""
#define NDPI_PACKAGE_URL ""
#define NDPI_PACKAGE "libndpi"
#define NDPI_VERSION "2.3.0"
#define STDC_HEADERS 1
#define HAVE_SYS_TYPES_H 1
#define HAVE_SYS_STAT_H 1
#define HAVE_STDLIB_H 1
#define HAVE_STRING_H 1
#define HAVE_MEMORY_H 1
#define HAVE_STRINGS_H 1
#define HAVE_INTTYPES_H 1
#define HAVE_STDINT_H 1
#define HAVE_UNISTD_H 1
#define HAVE_DLFCN_H 1
#define LT_OBJDIR ".libs/"
#define HAVE_PTHREAD_PRIO_INHERIT 1
#define HAVE_PTHREAD 1
#define NDPI_MAJOR_RELEASE "2"
#define NDPI_MINOR_RELEASE "3"
#define NDPI_PATCH_LEVEL "0"
#define NDPI_GIT_RELEASE "2.3.0"
#define NDPI_GIT_DATE "Tue Jul  3 09:07:22 PDT 2018"
#define HAVE_NETINET_IN_H 1
#define HAVE_STDINT_H 1
#define HAVE_STDLIB_H 1
#define HAVE_STRING_H 1
#define HAVE_UNISTD_H 1
#define HAVE_JSON_C 1
#define HAVE_PTHREAD_SETAFFINITY_NP 1

configure: exit 0
